<?xml version="1.0" encoding="UTF-8" ?>
<testsuite errors="0" failures="0" hostname="haaparousku" name="ohtu.TennisGameTest" skipped="0" tests="33" time="0.078" timestamp="2015-04-16T08:55:36">
  <properties>
[...]
</properties>
  <testcase classname="ohtu.TennisGameTest" name="checkAllScoresTennisGame[0]" time="0.001" />
  <testcase classname="ohtu.TennisGameTest" name="checkAllScoresTennisGame[1]" time="0.0" />
  <testcase classname="ohtu.TennisGameTest" name="checkAllScoresTennisGame[2]" time="0.0" />
  <testcase classname="ohtu.TennisGameTest" name="checkAllScoresTennisGame[3]" time="0.0" />
  <testcase classname="ohtu.TennisGameTest" name="checkAllScoresTennisGame[4]" time="0.001" />
  <testcase classname="ohtu.TennisGameTest" name="checkAllScoresTennisGame[5]" time="0.0" />
  <testcase classname="ohtu.TennisGameTest" name="checkAllScoresTennisGame[6]" time="0.0" />
  <testcase classname="ohtu.TennisGameTest" name="checkAllScoresTennisGame[7]" time="0.0" />
  <testcase classname="ohtu.TennisGameTest" name="checkAllScoresTennisGame[8]" time="0.0" />
  <testcase classname="ohtu.TennisGameTest" name="checkAllScoresTennisGame[9]" time="0.001" />
  <testcase classname="ohtu.TennisGameTest" name="checkAllScoresTennisGame[10]" time="0.0" />
  <testcase classname="ohtu.TennisGameTest" name="checkAllScoresTennisGame[11]" time="0.001" />
  <testcase classname="ohtu.TennisGameTest" name="checkAllScoresTennisGame[12]" time="0.0" />
  <testcase classname="ohtu.TennisGameTest" name="checkAllScoresTennisGame[13]" time="0.0" />
  <testcase classname="ohtu.TennisGameTest" name="checkAllScoresTennisGame[14]" time="0.0" />
  <testcase classname="ohtu.TennisGameTest" name="checkAllScoresTennisGame[15]" time="0.002" />
  <testcase classname="ohtu.TennisGameTest" name="checkAllScoresTennisGame[16]" time="0.0" />
  <testcase classname="ohtu.TennisGameTest" name="checkAllScoresTennisGame[17]" time="0.0" />
  <testcase classname="ohtu.TennisGameTest" name="checkAllScoresTennisGame[18]" time="0.0" />
  <testcase classname="ohtu.TennisGameTest" name="checkAllScoresTennisGame[19]" time="0.0" />
  <testcase classname="ohtu.TennisGameTest" name="checkAllScoresTennisGame[20]" time="0.0" />
  <testcase classname="ohtu.TennisGameTest" name="checkAllScoresTennisGame[21]" time="0.0" />
  <testcase classname="ohtu.TennisGameTest" name="checkAllScoresTennisGame[22]" time="0.0" />
  <testcase classname="ohtu.TennisGameTest" name="checkAllScoresTennisGame[23]" time="0.0" />
  <testcase classname="ohtu.TennisGameTest" name="checkAllScoresTennisGame[24]" time="0.0" />
  <testcase classname="ohtu.TennisGameTest" name="checkAllScoresTennisGame[25]" time="0.0" />
  <testcase classname="ohtu.TennisGameTest" name="checkAllScoresTennisGame[26]" time="0.0" />
  <testcase classname="ohtu.TennisGameTest" name="checkAllScoresTennisGame[27]" time="0.0" />
  <testcase classname="ohtu.TennisGameTest" name="checkAllScoresTennisGame[28]" time="0.0" />
  <testcase classname="ohtu.TennisGameTest" name="checkAllScoresTennisGame[29]" time="0.001" />
  <testcase classname="ohtu.TennisGameTest" name="checkAllScoresTennisGame[30]" time="0.0" />
  <testcase classname="ohtu.TennisGameTest" name="checkAllScoresTennisGame[31]" time="0.0" />
  <testcase classname="ohtu.TennisGameTest" name="checkAllScoresTennisGame[32]" time="0.0" />
  <system-out><![CDATA[]]></system-out>
  <system-err><![CDATA[]]></system-err>
</testsuite>
